{
  "stats": {
    "suites": 2,
    "tests": 2,
    "passes": 2,
    "pending": 0,
    "failures": 0,
    "start": "2018-03-05T19:09:57.335Z",
    "end": "2018-03-05T19:12:06.354Z",
    "duration": 129019,
    "testsRegistered": 2,
    "passPercent": 100,
    "pendingPercent": 0,
    "other": 0,
    "hasOther": false,
    "skipped": 0,
    "hasSkipped": false,
    "passPercentClass": "success",
    "pendingPercentClass": "danger"
  },
  "suites": {
    "uuid": "af083b2f-a79c-4c39-bc83-025c2cdcf9f2",
    "title": "",
    "fullFile": "",
    "file": "",
    "beforeHooks": [],
    "afterHooks": [],
    "tests": [],
    "suites": [
      {
        "uuid": "ddb0db08-42ad-4e2c-bfca-f8eae47a1fd1",
        "title": "LoginFail",
        "fullFile": "/home/rogeliolindo/LoginFail_test.js",
        "file": "/LoginFail_test.js",
        "beforeHooks": [
          {
            "title": "\"before all\" hook: codeceptjs.beforeSuite",
            "fullTitle": "LoginFail \"before all\" hook: codeceptjs.beforeSuite",
            "timedOut": false,
            "duration": 1,
            "pass": false,
            "fail": false,
            "pending": false,
            "code": "scenario.suiteSetup(suite)",
            "err": {},
            "isRoot": false,
            "uuid": "1294ea1f-b006-491c-8f99-a21ec7cfb2bd",
            "isHook": true,
            "skipped": false
          },
          {
            "title": "\"before each\" hook: codeceptjs.before",
            "fullTitle": "LoginFail \"before each\" hook: codeceptjs.before",
            "timedOut": false,
            "duration": 588,
            "pass": false,
            "fail": false,
            "pending": false,
            "code": "scenario.setup(suite)",
            "err": {},
            "isRoot": false,
            "uuid": "b7237c95-d1c6-439d-878b-0cd5e5f00b46",
            "isHook": true,
            "skipped": false
          }
        ],
        "afterHooks": [
          {
            "title": "\"after all\" hook: codeceptjs.afterSuite",
            "fullTitle": "LoginFail \"after all\" hook: codeceptjs.afterSuite",
            "timedOut": false,
            "duration": 0,
            "pass": false,
            "fail": false,
            "pending": false,
            "code": "scenario.suiteTeardown(suite)",
            "err": {},
            "isRoot": false,
            "uuid": "77755cba-8391-4eb9-942c-abf157569b15",
            "isHook": true,
            "skipped": false
          },
          {
            "title": "\"after each\" hook: finalize codeceptjs",
            "fullTitle": "LoginFail \"after each\" hook: finalize codeceptjs",
            "timedOut": false,
            "duration": 60,
            "pass": false,
            "fail": false,
            "pending": false,
            "code": "scenario.teardown(suite)",
            "err": {},
            "isRoot": false,
            "uuid": "aaf15108-4515-4ba7-a23f-d6d8cb3ab0bc",
            "isHook": true,
            "skipped": false
          }
        ],
        "tests": [
          {
            "title": "Login Fail",
            "fullTitle": "LoginFail: Login Fail",
            "timedOut": false,
            "duration": 38963,
            "state": "passed",
            "speed": "slow",
            "pass": true,
            "fail": false,
            "pending": false,
            "code": "I.amOnPage('/');\nI.wait(10);\nI.seeElement('.action-box');\nI.wait(5);\nI.click('//*[@id=\"content\"]/div/div[2]/div[2]/ul[1]/li/a');\nI.fillField('pf.username','WrongUsername');\nI.fillField('pf.pass','WrongPass');\nI.click('/html/body/div/div[2]/div[2]/form/div[6]/a');\nI.wait(5);\nI.see(\"We didn't recognize the username or password you entered. Please try again.\");",
            "err": {},
            "isRoot": false,
            "uuid": "3e8d7dd4-bfdb-42bc-9abd-3fdc0607f49b",
            "isHook": false,
            "skipped": false
          }
        ],
        "suites": [],
        "passes": [
          "3e8d7dd4-bfdb-42bc-9abd-3fdc0607f49b"
        ],
        "failures": [],
        "pending": [],
        "skipped": [],
        "duration": 38963,
        "root": false,
        "rootEmpty": false,
        "_timeout": 0
      },
      {
        "uuid": "6a9a5517-11f5-4e31-899b-ef640783e964",
        "title": "Forms",
        "fullFile": "/home/rogeliolindo/Survey_test.js",
        "file": "/Survey_test.js",
        "beforeHooks": [
          {
            "title": "\"before all\" hook: codeceptjs.beforeSuite",
            "fullTitle": "Forms \"before all\" hook: codeceptjs.beforeSuite",
            "timedOut": false,
            "duration": 1,
            "pass": false,
            "fail": false,
            "pending": false,
            "code": "scenario.suiteSetup(suite)",
            "err": {},
            "isRoot": false,
            "uuid": "ec42be4a-5eb5-41e7-87d5-4199496071ab",
            "isHook": true,
            "skipped": false
          },
          {
            "title": "\"before each\" hook: codeceptjs.before",
            "fullTitle": "Forms \"before each\" hook: codeceptjs.before",
            "timedOut": false,
            "duration": 705,
            "pass": false,
            "fail": false,
            "pending": false,
            "code": "scenario.setup(suite)",
            "err": {},
            "isRoot": false,
            "uuid": "0d7a445a-a1fd-4ad4-b233-5b96ed634336",
            "isHook": true,
            "skipped": false
          }
        ],
        "afterHooks": [
          {
            "title": "\"after all\" hook: codeceptjs.afterSuite",
            "fullTitle": "Forms \"after all\" hook: codeceptjs.afterSuite",
            "timedOut": false,
            "duration": 0,
            "pass": false,
            "fail": false,
            "pending": false,
            "code": "scenario.suiteTeardown(suite)",
            "err": {},
            "isRoot": false,
            "uuid": "557015f4-3516-4811-9f40-5510a0b3a173",
            "isHook": true,
            "skipped": false
          },
          {
            "title": "\"after each\" hook: finalize codeceptjs",
            "fullTitle": "Forms \"after each\" hook: finalize codeceptjs",
            "timedOut": false,
            "duration": 60,
            "pass": false,
            "fail": false,
            "pending": false,
            "code": "scenario.teardown(suite)",
            "err": {},
            "isRoot": false,
            "uuid": "328044cc-fbb9-4531-b265-848377997eb3",
            "isHook": true,
            "skipped": false
          }
        ],
        "tests": [
          {
            "title": "Heart Survey",
            "fullTitle": "Forms: Heart Survey",
            "timedOut": false,
            "duration": 88636,
            "state": "passed",
            "speed": "slow",
            "pass": true,
            "fail": false,
            "pending": false,
            "code": "I.amOnPage('/');\nI.wait(10);\nI.seeElement('.action-box');\nI.wait(5);\nI.click('//*[@id=\"content\"]/div/div[2]/div[2]/ul[1]/li/a');\nI.fillField('pf.username','Raj_Nalam@demo.cch.healthcare');\nI.fillField('pf.pass','Welcome123');\nI.click('/html/body/div/div[2]/div[2]/form/div[6]/a');\nI.wait(20);\nI.click('//*[@id=\"carousel-747fa04a-4fac-4916-9852-e08329fce265\"]/div/div[2]/ul/li[3]/button/div[2]/img');\nI.wait(10);\nI.see('What do you know about strokes?');\nI.see('Test your heart health knowledge.');\nI.click('Retake Survey');\nI.wait(5);\nI.see('Is it possible to have a stroke without knowing it?');\nI.checkOption('//*[@id=\"content\"]/div/div[2]/ul/li[1]/button');\nI.click('Submit');\nI.wait(1);\nI.click('Next');\nI.wait(5);\nI.see('There are three types of strokes.');\nI.checkOption('//*[@id=\"content\"]/div/div[2]/ul/li[1]/button');\nI.click('Submit');\nI.wait(1);\nI.click('Next');\nI.wait(5);\nI.see('If you see someone having a stroke, you should give them CPR');\nI.checkOption('//*[@id=\"content\"]/div/div[2]/ul/li[1]/button');\nI.click('Submit');\nI.wait(1);\nI.click('Complete');\nI.wait(5);\nI.see('Thank you for completing the What do you know about strokes? survey.');",
            "err": {},
            "isRoot": false,
            "uuid": "e42beac3-82af-498c-8bfe-320a1419f934",
            "isHook": false,
            "skipped": false
          }
        ],
        "suites": [],
        "passes": [
          "e42beac3-82af-498c-8bfe-320a1419f934"
        ],
        "failures": [],
        "pending": [],
        "skipped": [],
        "duration": 88636,
        "root": false,
        "rootEmpty": false,
        "_timeout": 0
      }
    ],
    "passes": [],
    "failures": [],
    "pending": [],
    "skipped": [],
    "duration": 0,
    "root": true,
    "rootEmpty": true,
    "_timeout": 0
  },
  "copyrightYear": 2018
}